{"C:\\Users\\lucio\\Documents\\Programación\\MELI\\meli-test-front-end\\src\\client\\App\\combineReducer.js": {"path":"C:\\Users\\lucio\\Documents\\Programación\\MELI\\meli-test-front-end\\src\\client\\App\\combineReducer.js","statementMap":{},"fnMap":{},"branchMap":{},"s":{},"f":{},"b":{},"_coverageSchema":"332fd63041d2c1bcb487cc26dd0d5f7d97098a6c","hash":"0697728c884f89fa2800f1743c703f66e333f2a9"}
,"C:\\Users\\lucio\\Documents\\Programación\\MELI\\meli-test-front-end\\src\\client\\App\\store.js": {"path":"C:\\Users\\lucio\\Documents\\Programación\\MELI\\meli-test-front-end\\src\\client\\App\\store.js","statementMap":{"0":{"start":{"line":6,"column":14},"end":{"line":6,"column":59}}},"fnMap":{},"branchMap":{},"s":{"0":2},"f":{},"b":{},"_coverageSchema":"332fd63041d2c1bcb487cc26dd0d5f7d97098a6c","hash":"50e8c3a332f00a278aef81d59985e7b6d95f5e5a"}
,"C:\\Users\\lucio\\Documents\\Programación\\MELI\\meli-test-front-end\\src\\client\\App\\modules\\ItemDetail\\ItemDetail.js": {"path":"C:\\Users\\lucio\\Documents\\Programación\\MELI\\meli-test-front-end\\src\\client\\App\\modules\\ItemDetail\\ItemDetail.js","statementMap":{"0":{"start":{"line":13,"column":19},"end":{"line":70,"column":1}},"1":{"start":{"line":14,"column":36},"end":{"line":14,"column":51}},"2":{"start":{"line":15,"column":34},"end":{"line":15,"column":48}},"3":{"start":{"line":17,"column":16},"end":{"line":17,"column":29}},"4":{"start":{"line":18,"column":17},"end":{"line":18,"column":32}},"5":{"start":{"line":20,"column":19},"end":{"line":20,"column":66}},"6":{"start":{"line":20,"column":59},"end":{"line":20,"column":65}},"7":{"start":{"line":21,"column":25},"end":{"line":21,"column":51}},"8":{"start":{"line":23,"column":26},"end":{"line":32,"column":28}},"9":{"start":{"line":24,"column":4},"end":{"line":24,"column":23}},"10":{"start":{"line":25,"column":4},"end":{"line":30,"column":5}},"11":{"start":{"line":26,"column":23},"end":{"line":26,"column":50}},"12":{"start":{"line":27,"column":6},"end":{"line":27,"column":33}},"13":{"start":{"line":29,"column":6},"end":{"line":29,"column":25}},"14":{"start":{"line":31,"column":4},"end":{"line":31,"column":24}},"15":{"start":{"line":34,"column":2},"end":{"line":36,"column":24}},"16":{"start":{"line":35,"column":4},"end":{"line":35,"column":22}},"17":{"start":{"line":38,"column":2},"end":{"line":69,"column":4}},"18":{"start":{"line":72,"column":0},"end":{"line":72,"column":26}}},"fnMap":{"0":{"name":"(anonymous_0)","decl":{"start":{"line":13,"column":19},"end":{"line":13,"column":20}},"loc":{"start":{"line":13,"column":25},"end":{"line":70,"column":1}},"line":13},"1":{"name":"(anonymous_1)","decl":{"start":{"line":20,"column":31},"end":{"line":20,"column":32}},"loc":{"start":{"line":20,"column":59},"end":{"line":20,"column":65}},"line":20},"2":{"name":"(anonymous_2)","decl":{"start":{"line":23,"column":38},"end":{"line":23,"column":39}},"loc":{"start":{"line":23,"column":50},"end":{"line":32,"column":3}},"line":23},"3":{"name":"(anonymous_3)","decl":{"start":{"line":34,"column":12},"end":{"line":34,"column":13}},"loc":{"start":{"line":34,"column":18},"end":{"line":36,"column":3}},"line":34}},"branchMap":{"0":{"loc":{"start":{"line":21,"column":25},"end":{"line":21,"column":51}},"type":"binary-expr","locations":[{"start":{"line":21,"column":25},"end":{"line":21,"column":29}},{"start":{"line":21,"column":33},"end":{"line":21,"column":51}}],"line":21},"1":{"loc":{"start":{"line":41,"column":7},"end":{"line":67,"column":14}},"type":"cond-expr","locations":[{"start":{"line":42,"column":8},"end":{"line":66,"column":24}},{"start":{"line":67,"column":10},"end":{"line":67,"column":14}}],"line":41},"2":{"loc":{"start":{"line":41,"column":7},"end":{"line":41,"column":29}},"type":"binary-expr","locations":[{"start":{"line":41,"column":7},"end":{"line":41,"column":17}},{"start":{"line":41,"column":21},"end":{"line":41,"column":29}}],"line":41}},"s":{"0":1,"1":4,"2":4,"3":4,"4":4,"5":4,"6":5,"7":4,"8":4,"9":1,"10":1,"11":1,"12":1,"13":0,"14":1,"15":4,"16":1,"17":4,"18":1},"f":{"0":4,"1":5,"2":1,"3":1},"b":{"0":[4,0],"1":[1,3],"2":[4,2]},"_coverageSchema":"332fd63041d2c1bcb487cc26dd0d5f7d97098a6c","hash":"16d1bd03a65fc91ac0f4f8b7229066b6946d6988"}
,"C:\\Users\\lucio\\Documents\\Programación\\MELI\\meli-test-front-end\\src\\client\\App\\modules\\ItemDetail\\index.js": {"path":"C:\\Users\\lucio\\Documents\\Programación\\MELI\\meli-test-front-end\\src\\client\\App\\modules\\ItemDetail\\index.js","statementMap":{},"fnMap":{},"branchMap":{},"s":{},"f":{},"b":{},"_coverageSchema":"332fd63041d2c1bcb487cc26dd0d5f7d97098a6c","hash":"e34d955f586bc44d4b8436a05968b715a60b4450"}
,"C:\\Users\\lucio\\Documents\\Programación\\MELI\\meli-test-front-end\\src\\client\\App\\modules\\ItemDetail\\services.js": {"path":"C:\\Users\\lucio\\Documents\\Programación\\MELI\\meli-test-front-end\\src\\client\\App\\modules\\ItemDetail\\services.js","statementMap":{"0":{"start":{"line":3,"column":29},"end":{"line":7,"column":1}},"1":{"start":{"line":4,"column":19},"end":{"line":4,"column":57}},"2":{"start":{"line":6,"column":2},"end":{"line":6,"column":23}}},"fnMap":{"0":{"name":"(anonymous_0)","decl":{"start":{"line":3,"column":29},"end":{"line":3,"column":30}},"loc":{"start":{"line":3,"column":47},"end":{"line":7,"column":1}},"line":3}},"branchMap":{},"s":{"0":1,"1":2,"2":2},"f":{"0":2},"b":{},"_coverageSchema":"332fd63041d2c1bcb487cc26dd0d5f7d97098a6c","hash":"1f2ff7bb19c053b9db39914ff1a7e7a561c5936f"}
,"C:\\Users\\lucio\\Documents\\Programación\\MELI\\meli-test-front-end\\src\\client\\App\\modules\\ItemDetail\\utils\\parseCondition.js": {"path":"C:\\Users\\lucio\\Documents\\Programación\\MELI\\meli-test-front-end\\src\\client\\App\\modules\\ItemDetail\\utils\\parseCondition.js","statementMap":{"0":{"start":{"line":1,"column":19},"end":{"line":4,"column":1}},"1":{"start":{"line":6,"column":23},"end":{"line":6,"column":59}},"2":{"start":{"line":6,"column":38},"end":{"line":6,"column":59}}},"fnMap":{"0":{"name":"(anonymous_0)","decl":{"start":{"line":6,"column":23},"end":{"line":6,"column":24}},"loc":{"start":{"line":6,"column":38},"end":{"line":6,"column":59}},"line":6}},"branchMap":{},"s":{"0":2,"1":2,"2":3},"f":{"0":3},"b":{},"_coverageSchema":"332fd63041d2c1bcb487cc26dd0d5f7d97098a6c","hash":"e14574aa96a656aa067d75a3c5164018522c40cc"}
,"C:\\Users\\lucio\\Documents\\Programación\\MELI\\meli-test-front-end\\src\\client\\App\\modules\\Layout\\Layout.js": {"path":"C:\\Users\\lucio\\Documents\\Programación\\MELI\\meli-test-front-end\\src\\client\\App\\modules\\Layout\\Layout.js","statementMap":{"0":{"start":{"line":12,"column":15},"end":{"line":42,"column":1}},"1":{"start":{"line":13,"column":19},"end":{"line":13,"column":32}},"2":{"start":{"line":14,"column":18},"end":{"line":14,"column":30}},"3":{"start":{"line":16,"column":23},"end":{"line":22,"column":3}},"4":{"start":{"line":18,"column":6},"end":{"line":18,"column":30}},"5":{"start":{"line":19,"column":6},"end":{"line":19,"column":24}},"6":{"start":{"line":24,"column":26},"end":{"line":26,"column":15}},"7":{"start":{"line":25,"column":4},"end":{"line":25,"column":22}},"8":{"start":{"line":28,"column":2},"end":{"line":41,"column":4}},"9":{"start":{"line":44,"column":0},"end":{"line":47,"column":2}}},"fnMap":{"0":{"name":"(anonymous_0)","decl":{"start":{"line":12,"column":15},"end":{"line":12,"column":16}},"loc":{"start":{"line":12,"column":33},"end":{"line":42,"column":1}},"line":12},"1":{"name":"(anonymous_1)","decl":{"start":{"line":17,"column":4},"end":{"line":17,"column":5}},"loc":{"start":{"line":17,"column":14},"end":{"line":20,"column":5}},"line":17},"2":{"name":"(anonymous_2)","decl":{"start":{"line":24,"column":38},"end":{"line":24,"column":39}},"loc":{"start":{"line":24,"column":44},"end":{"line":26,"column":3}},"line":24}},"branchMap":{},"s":{"0":1,"1":3,"2":3,"3":3,"4":1,"5":1,"6":3,"7":1,"8":3,"9":1},"f":{"0":3,"1":1,"2":1},"b":{},"_coverageSchema":"332fd63041d2c1bcb487cc26dd0d5f7d97098a6c","hash":"08620579ca336aecb226fc54d610bdbf860e5ca4"}
,"C:\\Users\\lucio\\Documents\\Programación\\MELI\\meli-test-front-end\\src\\client\\App\\modules\\Layout\\actionTypes.js": {"path":"C:\\Users\\lucio\\Documents\\Programación\\MELI\\meli-test-front-end\\src\\client\\App\\modules\\Layout\\actionTypes.js","statementMap":{"0":{"start":{"line":1,"column":28},"end":{"line":1,"column":42}},"1":{"start":{"line":2,"column":36},"end":{"line":2,"column":58}},"2":{"start":{"line":3,"column":34},"end":{"line":3,"column":54}}},"fnMap":{},"branchMap":{},"s":{"0":4,"1":4,"2":4},"f":{},"b":{},"_coverageSchema":"332fd63041d2c1bcb487cc26dd0d5f7d97098a6c","hash":"c9821f332c924144cfbcc615e3b17aa6384960cd"}
,"C:\\Users\\lucio\\Documents\\Programación\\MELI\\meli-test-front-end\\src\\client\\App\\modules\\Layout\\actions.js": {"path":"C:\\Users\\lucio\\Documents\\Programación\\MELI\\meli-test-front-end\\src\\client\\App\\modules\\Layout\\actions.js","statementMap":{"0":{"start":{"line":8,"column":28},"end":{"line":10,"column":2}},"1":{"start":{"line":8,"column":35},"end":{"line":10,"column":1}},"2":{"start":{"line":12,"column":30},"end":{"line":15,"column":2}},"3":{"start":{"line":12,"column":41},"end":{"line":15,"column":1}},"4":{"start":{"line":17,"column":28},"end":{"line":20,"column":2}},"5":{"start":{"line":17,"column":40},"end":{"line":20,"column":1}},"6":{"start":{"line":22,"column":23},"end":{"line":31,"column":1}},"7":{"start":{"line":22,"column":33},"end":{"line":31,"column":1}},"8":{"start":{"line":23,"column":2},"end":{"line":23,"column":27}},"9":{"start":{"line":25,"column":2},"end":{"line":30,"column":3}},"10":{"start":{"line":26,"column":17},"end":{"line":26,"column":40}},"11":{"start":{"line":27,"column":4},"end":{"line":27,"column":35}},"12":{"start":{"line":29,"column":4},"end":{"line":29,"column":34}}},"fnMap":{"0":{"name":"(anonymous_0)","decl":{"start":{"line":8,"column":28},"end":{"line":8,"column":29}},"loc":{"start":{"line":8,"column":35},"end":{"line":10,"column":1}},"line":8},"1":{"name":"(anonymous_1)","decl":{"start":{"line":12,"column":30},"end":{"line":12,"column":31}},"loc":{"start":{"line":12,"column":41},"end":{"line":15,"column":1}},"line":12},"2":{"name":"(anonymous_2)","decl":{"start":{"line":17,"column":28},"end":{"line":17,"column":29}},"loc":{"start":{"line":17,"column":40},"end":{"line":20,"column":1}},"line":17},"3":{"name":"(anonymous_3)","decl":{"start":{"line":22,"column":23},"end":{"line":22,"column":24}},"loc":{"start":{"line":22,"column":33},"end":{"line":31,"column":1}},"line":22},"4":{"name":"(anonymous_4)","decl":{"start":{"line":22,"column":33},"end":{"line":22,"column":34}},"loc":{"start":{"line":22,"column":53},"end":{"line":31,"column":1}},"line":22}},"branchMap":{},"s":{"0":2,"1":4,"2":2,"3":2,"4":2,"5":2,"6":2,"7":3,"8":3,"9":3,"10":3,"11":1,"12":1},"f":{"0":4,"1":2,"2":2,"3":3,"4":3},"b":{},"_coverageSchema":"332fd63041d2c1bcb487cc26dd0d5f7d97098a6c","hash":"41afb6e6d879de6084df47e6fbdc2c5d08862e3c"}
,"C:\\Users\\lucio\\Documents\\Programación\\MELI\\meli-test-front-end\\src\\client\\App\\modules\\Layout\\index.js": {"path":"C:\\Users\\lucio\\Documents\\Programación\\MELI\\meli-test-front-end\\src\\client\\App\\modules\\Layout\\index.js","statementMap":{},"fnMap":{},"branchMap":{},"s":{},"f":{},"b":{},"_coverageSchema":"332fd63041d2c1bcb487cc26dd0d5f7d97098a6c","hash":"620aa70650cd1e499d16b08fcba5dcfe78ebd698"}
,"C:\\Users\\lucio\\Documents\\Programación\\MELI\\meli-test-front-end\\src\\client\\App\\modules\\Layout\\reducer.js": {"path":"C:\\Users\\lucio\\Documents\\Programación\\MELI\\meli-test-front-end\\src\\client\\App\\modules\\Layout\\reducer.js","statementMap":{"0":{"start":{"line":7,"column":21},"end":{"line":13,"column":1}},"1":{"start":{"line":15,"column":16},"end":{"line":53,"column":1}},"2":{"start":{"line":16,"column":2},"end":{"line":52,"column":3}},"3":{"start":{"line":18,"column":6},"end":{"line":25,"column":8}},"4":{"start":{"line":28,"column":23},"end":{"line":28,"column":37}},"5":{"start":{"line":29,"column":6},"end":{"line":36,"column":8}},"6":{"start":{"line":39,"column":24},"end":{"line":39,"column":38}},"7":{"start":{"line":40,"column":6},"end":{"line":47,"column":8}},"8":{"start":{"line":50,"column":6},"end":{"line":50,"column":19}}},"fnMap":{"0":{"name":"(anonymous_0)","decl":{"start":{"line":15,"column":16},"end":{"line":15,"column":17}},"loc":{"start":{"line":15,"column":50},"end":{"line":53,"column":1}},"line":15}},"branchMap":{"0":{"loc":{"start":{"line":15,"column":17},"end":{"line":15,"column":37}},"type":"default-arg","locations":[{"start":{"line":15,"column":25},"end":{"line":15,"column":37}}],"line":15},"1":{"loc":{"start":{"line":16,"column":2},"end":{"line":52,"column":3}},"type":"switch","locations":[{"start":{"line":17,"column":4},"end":{"line":25,"column":8}},{"start":{"line":27,"column":4},"end":{"line":36,"column":8}},{"start":{"line":38,"column":4},"end":{"line":47,"column":8}},{"start":{"line":49,"column":4},"end":{"line":51,"column":5}}],"line":16}},"s":{"0":3,"1":3,"2":12,"3":2,"4":2,"5":2,"6":1,"7":1,"8":7},"f":{"0":12},"b":{"0":[7],"1":[2,2,1,7]},"_coverageSchema":"332fd63041d2c1bcb487cc26dd0d5f7d97098a6c","hash":"9dab45b5c065187598b0a7c1b0d573e0cddb463a"}
,"C:\\Users\\lucio\\Documents\\Programación\\MELI\\meli-test-front-end\\src\\client\\App\\modules\\Layout\\services.js": {"path":"C:\\Users\\lucio\\Documents\\Programación\\MELI\\meli-test-front-end\\src\\client\\App\\modules\\Layout\\services.js","statementMap":{"0":{"start":{"line":3,"column":27},"end":{"line":11,"column":1}},"1":{"start":{"line":4,"column":19},"end":{"line":8,"column":4}},"2":{"start":{"line":10,"column":2},"end":{"line":10,"column":23}}},"fnMap":{"0":{"name":"(anonymous_0)","decl":{"start":{"line":3,"column":27},"end":{"line":3,"column":28}},"loc":{"start":{"line":3,"column":43},"end":{"line":11,"column":1}},"line":3}},"branchMap":{},"s":{"0":3,"1":3,"2":2},"f":{"0":3},"b":{},"_coverageSchema":"332fd63041d2c1bcb487cc26dd0d5f7d97098a6c","hash":"3935b2e699a0600cf68ec0086ebdb981fad7d80f"}
,"C:\\Users\\lucio\\Documents\\Programación\\MELI\\meli-test-front-end\\src\\client\\common\\index.js": {"path":"C:\\Users\\lucio\\Documents\\Programación\\MELI\\meli-test-front-end\\src\\client\\common\\index.js","statementMap":{},"fnMap":{},"branchMap":{},"s":{},"f":{},"b":{},"_coverageSchema":"332fd63041d2c1bcb487cc26dd0d5f7d97098a6c","hash":"1b60e3ac3ea5d5855ce52fca4df954227724ca19"}
,"C:\\Users\\lucio\\Documents\\Programación\\MELI\\meli-test-front-end\\src\\client\\common\\Breadcrumb\\Breadcrumb.js": {"path":"C:\\Users\\lucio\\Documents\\Programación\\MELI\\meli-test-front-end\\src\\client\\common\\Breadcrumb\\Breadcrumb.js","statementMap":{"0":{"start":{"line":6,"column":19},"end":{"line":16,"column":1}},"1":{"start":{"line":7,"column":2},"end":{"line":15,"column":4}},"2":{"start":{"line":10,"column":8},"end":{"line":12,"column":15}},"3":{"start":{"line":18,"column":0},"end":{"line":20,"column":2}}},"fnMap":{"0":{"name":"(anonymous_0)","decl":{"start":{"line":6,"column":19},"end":{"line":6,"column":20}},"loc":{"start":{"line":6,"column":38},"end":{"line":16,"column":1}},"line":6},"1":{"name":"(anonymous_1)","decl":{"start":{"line":9,"column":16},"end":{"line":9,"column":17}},"loc":{"start":{"line":10,"column":8},"end":{"line":12,"column":15}},"line":10}},"branchMap":{"0":{"loc":{"start":{"line":6,"column":22},"end":{"line":6,"column":31}},"type":"default-arg","locations":[{"start":{"line":6,"column":29},"end":{"line":6,"column":31}}],"line":6}},"s":{"0":3,"1":6,"2":15,"3":3},"f":{"0":6,"1":15},"b":{"0":[1]},"_coverageSchema":"332fd63041d2c1bcb487cc26dd0d5f7d97098a6c","hash":"0eb5213b78000f364bbaec32ab6dca3ce53bc354"}
,"C:\\Users\\lucio\\Documents\\Programación\\MELI\\meli-test-front-end\\src\\client\\common\\Breadcrumb\\index.js": {"path":"C:\\Users\\lucio\\Documents\\Programación\\MELI\\meli-test-front-end\\src\\client\\common\\Breadcrumb\\index.js","statementMap":{},"fnMap":{},"branchMap":{},"s":{},"f":{},"b":{},"_coverageSchema":"332fd63041d2c1bcb487cc26dd0d5f7d97098a6c","hash":"e9ff960d3617dc23d91cc082887f2a46cf54801b"}
,"C:\\Users\\lucio\\Documents\\Programación\\MELI\\meli-test-front-end\\src\\client\\common\\CardContainer\\CardContainer.js": {"path":"C:\\Users\\lucio\\Documents\\Programación\\MELI\\meli-test-front-end\\src\\client\\common\\CardContainer\\CardContainer.js","statementMap":{"0":{"start":{"line":6,"column":22},"end":{"line":8,"column":1}},"1":{"start":{"line":7,"column":2},"end":{"line":7,"column":63}},"2":{"start":{"line":10,"column":0},"end":{"line":12,"column":2}}},"fnMap":{"0":{"name":"(anonymous_0)","decl":{"start":{"line":6,"column":22},"end":{"line":6,"column":23}},"loc":{"start":{"line":6,"column":40},"end":{"line":8,"column":1}},"line":6}},"branchMap":{},"s":{"0":3,"1":2,"2":3},"f":{"0":2},"b":{},"_coverageSchema":"332fd63041d2c1bcb487cc26dd0d5f7d97098a6c","hash":"831ebcd5293eb0e39a123f713e078a41195b9e18"}
,"C:\\Users\\lucio\\Documents\\Programación\\MELI\\meli-test-front-end\\src\\client\\common\\CardContainer\\index.js": {"path":"C:\\Users\\lucio\\Documents\\Programación\\MELI\\meli-test-front-end\\src\\client\\common\\CardContainer\\index.js","statementMap":{},"fnMap":{},"branchMap":{},"s":{},"f":{},"b":{},"_coverageSchema":"332fd63041d2c1bcb487cc26dd0d5f7d97098a6c","hash":"1e9cd62262dad51ba07d4496f0128d8647a62524"}
,"C:\\Users\\lucio\\Documents\\Programación\\MELI\\meli-test-front-end\\src\\client\\common\\GridContainer\\GridContainer.js": {"path":"C:\\Users\\lucio\\Documents\\Programación\\MELI\\meli-test-front-end\\src\\client\\common\\GridContainer\\GridContainer.js","statementMap":{"0":{"start":{"line":6,"column":22},"end":{"line":8,"column":1}},"1":{"start":{"line":7,"column":2},"end":{"line":7,"column":63}},"2":{"start":{"line":10,"column":0},"end":{"line":12,"column":2}}},"fnMap":{"0":{"name":"(anonymous_0)","decl":{"start":{"line":6,"column":22},"end":{"line":6,"column":23}},"loc":{"start":{"line":6,"column":40},"end":{"line":8,"column":1}},"line":6}},"branchMap":{},"s":{"0":3,"1":5,"2":3},"f":{"0":5},"b":{},"_coverageSchema":"332fd63041d2c1bcb487cc26dd0d5f7d97098a6c","hash":"35a26eae90f3013f480c158e0ccb330ddda4dd0b"}
,"C:\\Users\\lucio\\Documents\\Programación\\MELI\\meli-test-front-end\\src\\client\\common\\GridContainer\\index.js": {"path":"C:\\Users\\lucio\\Documents\\Programación\\MELI\\meli-test-front-end\\src\\client\\common\\GridContainer\\index.js","statementMap":{},"fnMap":{},"branchMap":{},"s":{},"f":{},"b":{},"_coverageSchema":"332fd63041d2c1bcb487cc26dd0d5f7d97098a6c","hash":"b7e5f8172763c90b689d9f2cc94991503fed718c"}
,"C:\\Users\\lucio\\Documents\\Programación\\MELI\\meli-test-front-end\\src\\client\\common\\Header\\Header.js": {"path":"C:\\Users\\lucio\\Documents\\Programación\\MELI\\meli-test-front-end\\src\\client\\common\\Header\\Header.js","statementMap":{"0":{"start":{"line":6,"column":15},"end":{"line":12,"column":1}},"1":{"start":{"line":7,"column":2},"end":{"line":11,"column":4}},"2":{"start":{"line":14,"column":0},"end":{"line":16,"column":2}}},"fnMap":{"0":{"name":"(anonymous_0)","decl":{"start":{"line":6,"column":15},"end":{"line":6,"column":16}},"loc":{"start":{"line":6,"column":33},"end":{"line":12,"column":1}},"line":6}},"branchMap":{},"s":{"0":3,"1":4,"2":3},"f":{"0":4},"b":{},"_coverageSchema":"332fd63041d2c1bcb487cc26dd0d5f7d97098a6c","hash":"aa49f722947a20fc94e9b9771f2f20084cacd469"}
,"C:\\Users\\lucio\\Documents\\Programación\\MELI\\meli-test-front-end\\src\\client\\common\\Header\\index.js": {"path":"C:\\Users\\lucio\\Documents\\Programación\\MELI\\meli-test-front-end\\src\\client\\common\\Header\\index.js","statementMap":{},"fnMap":{},"branchMap":{},"s":{},"f":{},"b":{},"_coverageSchema":"332fd63041d2c1bcb487cc26dd0d5f7d97098a6c","hash":"62513659b4c7397be2f3cec762a712af28e56d77"}
,"C:\\Users\\lucio\\Documents\\Programación\\MELI\\meli-test-front-end\\src\\client\\common\\SearchBar\\SearchBar.js": {"path":"C:\\Users\\lucio\\Documents\\Programación\\MELI\\meli-test-front-end\\src\\client\\common\\SearchBar\\SearchBar.js","statementMap":{"0":{"start":{"line":7,"column":18},"end":{"line":38,"column":1}},"1":{"start":{"line":8,"column":26},"end":{"line":8,"column":38}},"2":{"start":{"line":10,"column":23},"end":{"line":16,"column":3}},"3":{"start":{"line":12,"column":6},"end":{"line":12,"column":29}},"4":{"start":{"line":13,"column":6},"end":{"line":13,"column":21}},"5":{"start":{"line":18,"column":23},"end":{"line":21,"column":8}},"6":{"start":{"line":19,"column":18},"end":{"line":19,"column":36}},"7":{"start":{"line":20,"column":4},"end":{"line":20,"column":19}},"8":{"start":{"line":23,"column":2},"end":{"line":37,"column":4}},"9":{"start":{"line":40,"column":0},"end":{"line":42,"column":2}}},"fnMap":{"0":{"name":"(anonymous_0)","decl":{"start":{"line":7,"column":18},"end":{"line":7,"column":19}},"loc":{"start":{"line":7,"column":36},"end":{"line":38,"column":1}},"line":7},"1":{"name":"(anonymous_1)","decl":{"start":{"line":11,"column":4},"end":{"line":11,"column":5}},"loc":{"start":{"line":11,"column":15},"end":{"line":14,"column":5}},"line":11},"2":{"name":"(anonymous_2)","decl":{"start":{"line":18,"column":35},"end":{"line":18,"column":36}},"loc":{"start":{"line":18,"column":46},"end":{"line":21,"column":3}},"line":18}},"branchMap":{},"s":{"0":3,"1":7,"2":7,"3":2,"4":2,"5":7,"6":2,"7":2,"8":7,"9":3},"f":{"0":7,"1":2,"2":2},"b":{},"_coverageSchema":"332fd63041d2c1bcb487cc26dd0d5f7d97098a6c","hash":"b00b961ca19c4f030f91eb0cc9cfc367e78c3aa6"}
,"C:\\Users\\lucio\\Documents\\Programación\\MELI\\meli-test-front-end\\src\\client\\common\\SearchBar\\index.js": {"path":"C:\\Users\\lucio\\Documents\\Programación\\MELI\\meli-test-front-end\\src\\client\\common\\SearchBar\\index.js","statementMap":{},"fnMap":{},"branchMap":{},"s":{},"f":{},"b":{},"_coverageSchema":"332fd63041d2c1bcb487cc26dd0d5f7d97098a6c","hash":"e4e89d302a1b08c3c9c5b4ea917ce9fd66bea4f0"}
,"C:\\Users\\lucio\\Documents\\Programación\\MELI\\meli-test-front-end\\src\\client\\utils\\hooks\\index.js": {"path":"C:\\Users\\lucio\\Documents\\Programación\\MELI\\meli-test-front-end\\src\\client\\utils\\hooks\\index.js","statementMap":{},"fnMap":{},"branchMap":{},"s":{},"f":{},"b":{},"_coverageSchema":"332fd63041d2c1bcb487cc26dd0d5f7d97098a6c","hash":"7950631e5f4a98c5386b53f4d29fa2d614c7d5d6"}
,"C:\\Users\\lucio\\Documents\\Programación\\MELI\\meli-test-front-end\\src\\client\\utils\\hooks\\useQueryURL.js": {"path":"C:\\Users\\lucio\\Documents\\Programación\\MELI\\meli-test-front-end\\src\\client\\utils\\hooks\\useQueryURL.js","statementMap":{"0":{"start":{"line":4,"column":2},"end":{"line":4,"column":51}}},"fnMap":{"0":{"name":"useQueryURL","decl":{"start":{"line":3,"column":9},"end":{"line":3,"column":20}},"loc":{"start":{"line":3,"column":23},"end":{"line":5,"column":1}},"line":3}},"branchMap":{},"s":{"0":4},"f":{"0":4},"b":{},"_coverageSchema":"332fd63041d2c1bcb487cc26dd0d5f7d97098a6c","hash":"c474929c3605c6d0f239e4e5a7a77d5da3e8db13"}
,"C:\\Users\\lucio\\Documents\\Programación\\MELI\\meli-test-front-end\\src\\client\\utils\\http\\http.js": {"path":"C:\\Users\\lucio\\Documents\\Programación\\MELI\\meli-test-front-end\\src\\client\\utils\\http\\http.js","statementMap":{"0":{"start":{"line":3,"column":13},"end":{"line":3,"column":27}}},"fnMap":{},"branchMap":{},"s":{"0":4},"f":{},"b":{},"_coverageSchema":"332fd63041d2c1bcb487cc26dd0d5f7d97098a6c","hash":"6909197811d75fcdf758be9f9609fa82d05113f5"}
,"C:\\Users\\lucio\\Documents\\Programación\\MELI\\meli-test-front-end\\src\\client\\utils\\http\\index.js": {"path":"C:\\Users\\lucio\\Documents\\Programación\\MELI\\meli-test-front-end\\src\\client\\utils\\http\\index.js","statementMap":{},"fnMap":{},"branchMap":{},"s":{},"f":{},"b":{},"_coverageSchema":"332fd63041d2c1bcb487cc26dd0d5f7d97098a6c","hash":"d88c5c0b7e3f38ebab9847b8cd3a22d722cf5ad7"}
,"C:\\Users\\lucio\\Documents\\Programación\\MELI\\meli-test-front-end\\src\\client\\utils\\methods\\formatMoney.js": {"path":"C:\\Users\\lucio\\Documents\\Programación\\MELI\\meli-test-front-end\\src\\client\\utils\\methods\\formatMoney.js","statementMap":{"0":{"start":{"line":2,"column":2},"end":{"line":2,"column":74}}},"fnMap":{"0":{"name":"formatMoney","decl":{"start":{"line":1,"column":16},"end":{"line":1,"column":27}},"loc":{"start":{"line":1,"column":40},"end":{"line":3,"column":1}},"line":1}},"branchMap":{"0":{"loc":{"start":{"line":1,"column":28},"end":{"line":1,"column":38}},"type":"default-arg","locations":[{"start":{"line":1,"column":37},"end":{"line":1,"column":38}}],"line":1}},"s":{"0":3},"f":{"0":3},"b":{"0":[1]},"_coverageSchema":"332fd63041d2c1bcb487cc26dd0d5f7d97098a6c","hash":"6beaf8e785c35386cda3338434363bdcfe61863d"}
,"C:\\Users\\lucio\\Documents\\Programación\\MELI\\meli-test-front-end\\src\\client\\utils\\tests\\renderWithProvider.js": {"path":"C:\\Users\\lucio\\Documents\\Programación\\MELI\\meli-test-front-end\\src\\client\\utils\\tests\\renderWithProvider.js","statementMap":{"0":{"start":{"line":6,"column":27},"end":{"line":15,"column":1}},"1":{"start":{"line":10,"column":2},"end":{"line":10,"column":24}},"2":{"start":{"line":11,"column":18},"end":{"line":13,"column":3}},"3":{"start":{"line":12,"column":4},"end":{"line":12,"column":57}},"4":{"start":{"line":14,"column":2},"end":{"line":14,"column":60}}},"fnMap":{"0":{"name":"(anonymous_0)","decl":{"start":{"line":6,"column":27},"end":{"line":6,"column":28}},"loc":{"start":{"line":9,"column":5},"end":{"line":15,"column":1}},"line":9},"1":{"name":"(anonymous_1)","decl":{"start":{"line":8,"column":21},"end":{"line":8,"column":22}},"loc":{"start":{"line":8,"column":27},"end":{"line":8,"column":29}},"line":8},"2":{"name":"(anonymous_2)","decl":{"start":{"line":11,"column":18},"end":{"line":11,"column":19}},"loc":{"start":{"line":11,"column":36},"end":{"line":13,"column":3}},"line":11}},"branchMap":{"0":{"loc":{"start":{"line":8,"column":2},"end":{"line":8,"column":54}},"type":"default-arg","locations":[{"start":{"line":8,"column":52},"end":{"line":8,"column":54}}],"line":8},"1":{"loc":{"start":{"line":8,"column":4},"end":{"line":8,"column":29}},"type":"default-arg","locations":[{"start":{"line":8,"column":21},"end":{"line":8,"column":29}}],"line":8}},"s":{"0":2,"1":4,"2":4,"3":4,"4":4},"f":{"0":4,"1":3,"2":4},"b":{"0":[3],"1":[3]},"_coverageSchema":"332fd63041d2c1bcb487cc26dd0d5f7d97098a6c","hash":"7ea5fe9439b6401e8df0a105c5162bd175ccee51"}
}
