TN:
SF:C:\Users\lucio\Documents\Programación\MELI\meli-test-front-end\src\client\App\combineReducer.js
FNF:0
FNH:0
LF:0
LH:0
BRF:0
BRH:0
end_of_record
TN:
SF:C:\Users\lucio\Documents\Programación\MELI\meli-test-front-end\src\client\App\store.js
FNF:0
FNH:0
DA:6,2
LF:1
LH:1
BRF:0
BRH:0
end_of_record
TN:
SF:C:\Users\lucio\Documents\Programación\MELI\meli-test-front-end\src\client\App\modules\ItemDetail\ItemDetail.js
FN:13,(anonymous_0)
FN:19,(anonymous_1)
FN:22,(anonymous_2)
FN:33,(anonymous_3)
FNF:4
FNH:4
FNDA:4,(anonymous_0)
FNDA:5,(anonymous_1)
FNDA:1,(anonymous_2)
FNDA:1,(anonymous_3)
DA:13,1
DA:14,4
DA:15,4
DA:17,4
DA:19,5
DA:20,4
DA:22,4
DA:23,1
DA:24,1
DA:25,1
DA:26,1
DA:28,0
DA:30,1
DA:33,4
DA:34,1
DA:37,4
DA:71,1
LF:17
LH:16
BRDA:20,0,0,4
BRDA:20,0,1,0
BRDA:40,1,0,1
BRDA:40,1,1,3
BRDA:40,2,0,4
BRDA:40,2,1,2
BRF:6
BRH:5
end_of_record
TN:
SF:C:\Users\lucio\Documents\Programación\MELI\meli-test-front-end\src\client\App\modules\ItemDetail\index.js
FNF:0
FNH:0
LF:0
LH:0
BRF:0
BRH:0
end_of_record
TN:
SF:C:\Users\lucio\Documents\Programación\MELI\meli-test-front-end\src\client\App\modules\ItemDetail\services.js
FN:3,(anonymous_0)
FNF:1
FNH:1
FNDA:2,(anonymous_0)
DA:3,1
DA:4,2
DA:6,2
LF:3
LH:3
BRF:0
BRH:0
end_of_record
TN:
SF:C:\Users\lucio\Documents\Programación\MELI\meli-test-front-end\src\client\App\modules\ItemDetail\utils\parseCondition.js
FN:6,(anonymous_0)
FNF:1
FNH:1
FNDA:3,(anonymous_0)
DA:1,2
DA:6,3
LF:2
LH:2
BRF:0
BRH:0
end_of_record
TN:
SF:C:\Users\lucio\Documents\Programación\MELI\meli-test-front-end\src\client\App\modules\Layout\Layout.js
FN:10,(anonymous_0)
FN:14,(anonymous_1)
FN:20,(anonymous_2)
FNF:3
FNH:3
FNDA:3,(anonymous_0)
FNDA:1,(anonymous_1)
FNDA:1,(anonymous_2)
DA:10,1
DA:11,3
DA:13,3
DA:15,1
DA:20,3
DA:21,1
DA:24,3
DA:40,1
LF:8
LH:8
BRF:0
BRH:0
end_of_record
TN:
SF:C:\Users\lucio\Documents\Programación\MELI\meli-test-front-end\src\client\App\modules\Layout\index.js
FNF:0
FNH:0
LF:0
LH:0
BRF:0
BRH:0
end_of_record
TN:
SF:C:\Users\lucio\Documents\Programación\MELI\meli-test-front-end\src\client\App\modules\ListItems\ListItems.js
FN:12,(anonymous_0)
FN:18,(anonymous_1)
FN:22,(anonymous_2)
FN:31,(anonymous_3)
FNF:4
FNH:4
FNDA:2,(anonymous_0)
FNDA:4,(anonymous_1)
FNDA:2,(anonymous_2)
FNDA:1,(anonymous_3)
DA:12,1
DA:13,2
DA:14,2
DA:15,2
DA:17,2
DA:18,4
DA:20,2
DA:22,2
DA:23,2
DA:26,2
DA:32,1
LF:11
LH:11
BRDA:20,0,0,1
BRDA:20,1,0,1
BRDA:20,2,0,2
BRDA:20,2,1,1
BRDA:29,3,0,1
BRDA:29,3,1,1
BRF:6
BRH:6
end_of_record
TN:
SF:C:\Users\lucio\Documents\Programación\MELI\meli-test-front-end\src\client\App\modules\ListItems\actionTypes.js
FNF:0
FNH:0
DA:1,4
DA:2,4
DA:3,4
LF:3
LH:3
BRF:0
BRH:0
end_of_record
TN:
SF:C:\Users\lucio\Documents\Programación\MELI\meli-test-front-end\src\client\App\modules\ListItems\actions.js
FN:8,(anonymous_0)
FN:12,(anonymous_1)
FN:17,(anonymous_2)
FN:22,(anonymous_3)
FN:22,(anonymous_4)
FNF:5
FNH:5
FNDA:3,(anonymous_0)
FNDA:2,(anonymous_1)
FNDA:2,(anonymous_2)
FNDA:2,(anonymous_3)
FNDA:2,(anonymous_4)
DA:8,3
DA:12,2
DA:17,2
DA:22,2
DA:23,2
DA:25,2
DA:26,2
DA:27,1
DA:29,1
LF:9
LH:9
BRF:0
BRH:0
end_of_record
TN:
SF:C:\Users\lucio\Documents\Programación\MELI\meli-test-front-end\src\client\App\modules\ListItems\index.js
FNF:0
FNH:0
LF:0
LH:0
BRF:0
BRH:0
end_of_record
TN:
SF:C:\Users\lucio\Documents\Programación\MELI\meli-test-front-end\src\client\App\modules\ListItems\reducer.js
FN:15,(anonymous_0)
FNF:1
FNH:1
FNDA:13,(anonymous_0)
DA:7,3
DA:15,3
DA:16,13
DA:18,2
DA:28,3
DA:29,3
DA:39,1
DA:40,1
DA:50,7
LF:9
LH:9
BRDA:15,0,0,7
BRDA:16,1,0,2
BRDA:16,1,1,3
BRDA:16,1,2,1
BRDA:16,1,3,7
BRF:5
BRH:5
end_of_record
TN:
SF:C:\Users\lucio\Documents\Programación\MELI\meli-test-front-end\src\client\App\modules\ListItems\services.js
FN:3,(anonymous_0)
FNF:1
FNH:1
FNDA:2,(anonymous_0)
DA:3,3
DA:4,2
DA:10,2
LF:3
LH:3
BRF:0
BRH:0
end_of_record
TN:
SF:C:\Users\lucio\Documents\Programación\MELI\meli-test-front-end\src\client\App\modules\ListItems\components\index.js
FNF:0
FNH:0
LF:0
LH:0
BRF:0
BRH:0
end_of_record
TN:
SF:C:\Users\lucio\Documents\Programación\MELI\meli-test-front-end\src\client\App\modules\ListItems\components\Item\Item.js
FN:10,(anonymous_0)
FN:12,(anonymous_1)
FNF:2
FNH:2
FNDA:4,(anonymous_0)
FNDA:1,(anonymous_1)
DA:10,2
DA:11,4
DA:12,4
DA:13,1
DA:16,4
DA:39,2
LF:6
LH:6
BRDA:26,0,0,3
BRDA:26,0,1,1
BRF:2
BRH:2
end_of_record
TN:
SF:C:\Users\lucio\Documents\Programación\MELI\meli-test-front-end\src\client\App\modules\ListItems\components\Item\index.js
FNF:0
FNH:0
LF:0
LH:0
BRF:0
BRH:0
end_of_record
TN:
SF:C:\Users\lucio\Documents\Programación\MELI\meli-test-front-end\src\client\common\index.js
FNF:0
FNH:0
LF:0
LH:0
BRF:0
BRH:0
end_of_record
TN:
SF:C:\Users\lucio\Documents\Programación\MELI\meli-test-front-end\src\client\common\Breadcrumb\Breadcrumb.js
FN:6,(anonymous_0)
FN:9,(anonymous_1)
FNF:2
FNH:2
FNDA:8,(anonymous_0)
FNDA:18,(anonymous_1)
DA:6,4
DA:7,8
DA:10,18
DA:18,4
LF:4
LH:4
BRDA:6,0,0,1
BRF:1
BRH:1
end_of_record
TN:
SF:C:\Users\lucio\Documents\Programación\MELI\meli-test-front-end\src\client\common\Breadcrumb\index.js
FNF:0
FNH:0
LF:0
LH:0
BRF:0
BRH:0
end_of_record
TN:
SF:C:\Users\lucio\Documents\Programación\MELI\meli-test-front-end\src\client\common\CardContainer\CardContainer.js
FN:6,(anonymous_0)
FNF:1
FNH:1
FNDA:3,(anonymous_0)
DA:6,4
DA:7,3
DA:10,4
LF:3
LH:3
BRF:0
BRH:0
end_of_record
TN:
SF:C:\Users\lucio\Documents\Programación\MELI\meli-test-front-end\src\client\common\CardContainer\index.js
FNF:0
FNH:0
LF:0
LH:0
BRF:0
BRH:0
end_of_record
TN:
SF:C:\Users\lucio\Documents\Programación\MELI\meli-test-front-end\src\client\common\GridContainer\GridContainer.js
FN:6,(anonymous_0)
FNF:1
FNH:1
FNDA:7,(anonymous_0)
DA:6,4
DA:7,7
DA:10,4
LF:3
LH:3
BRF:0
BRH:0
end_of_record
TN:
SF:C:\Users\lucio\Documents\Programación\MELI\meli-test-front-end\src\client\common\GridContainer\index.js
FNF:0
FNH:0
LF:0
LH:0
BRF:0
BRH:0
end_of_record
TN:
SF:C:\Users\lucio\Documents\Programación\MELI\meli-test-front-end\src\client\common\Header\Header.js
FN:6,(anonymous_0)
FNF:1
FNH:1
FNDA:4,(anonymous_0)
DA:6,4
DA:7,4
DA:14,4
LF:3
LH:3
BRF:0
BRH:0
end_of_record
TN:
SF:C:\Users\lucio\Documents\Programación\MELI\meli-test-front-end\src\client\common\Header\index.js
FNF:0
FNH:0
LF:0
LH:0
BRF:0
BRH:0
end_of_record
TN:
SF:C:\Users\lucio\Documents\Programación\MELI\meli-test-front-end\src\client\common\SearchBar\SearchBar.js
FN:7,(anonymous_0)
FN:11,(anonymous_1)
FN:18,(anonymous_2)
FNF:3
FNH:3
FNDA:7,(anonymous_0)
FNDA:2,(anonymous_1)
FNDA:2,(anonymous_2)
DA:7,4
DA:8,7
DA:10,7
DA:12,2
DA:13,2
DA:18,7
DA:19,2
DA:20,2
DA:23,7
DA:40,4
LF:10
LH:10
BRF:0
BRH:0
end_of_record
TN:
SF:C:\Users\lucio\Documents\Programación\MELI\meli-test-front-end\src\client\common\SearchBar\index.js
FNF:0
FNH:0
LF:0
LH:0
BRF:0
BRH:0
end_of_record
TN:
SF:C:\Users\lucio\Documents\Programación\MELI\meli-test-front-end\src\client\utils\hooks\index.js
FNF:0
FNH:0
LF:0
LH:0
BRF:0
BRH:0
end_of_record
TN:
SF:C:\Users\lucio\Documents\Programación\MELI\meli-test-front-end\src\client\utils\hooks\useQueryURL.js
FN:3,useQueryURL
FNF:1
FNH:1
FNDA:2,useQueryURL
DA:4,2
LF:1
LH:1
BRF:0
BRH:0
end_of_record
TN:
SF:C:\Users\lucio\Documents\Programación\MELI\meli-test-front-end\src\client\utils\http\http.js
FNF:0
FNH:0
DA:3,4
LF:1
LH:1
BRF:0
BRH:0
end_of_record
TN:
SF:C:\Users\lucio\Documents\Programación\MELI\meli-test-front-end\src\client\utils\http\index.js
FNF:0
FNH:0
LF:0
LH:0
BRF:0
BRH:0
end_of_record
TN:
SF:C:\Users\lucio\Documents\Programación\MELI\meli-test-front-end\src\client\utils\methods\formatMoney.js
FN:1,formatMoney
FNF:1
FNH:1
FNDA:7,formatMoney
DA:2,7
LF:1
LH:1
BRDA:1,0,0,1
BRF:1
BRH:1
end_of_record
TN:
SF:C:\Users\lucio\Documents\Programación\MELI\meli-test-front-end\src\client\utils\tests\renderWithProvider.js
FN:6,(anonymous_0)
FN:8,(anonymous_1)
FN:11,(anonymous_2)
FNF:3
FNH:2
FNDA:3,(anonymous_0)
FNDA:0,(anonymous_1)
FNDA:3,(anonymous_2)
DA:6,2
DA:10,3
DA:11,3
DA:12,3
DA:14,3
LF:5
LH:5
BRDA:8,0,0,0
BRDA:8,1,0,0
BRF:2
BRH:0
end_of_record
