TN:
SF:C:\Users\lucio\Documents\Programación\MELI\meli-test-front-end\src\client\App\combineReducer.js
FNF:0
FNH:0
LF:0
LH:0
BRF:0
BRH:0
end_of_record
TN:
SF:C:\Users\lucio\Documents\Programación\MELI\meli-test-front-end\src\client\App\store.js
FNF:0
FNH:0
DA:6,2
LF:1
LH:1
BRF:0
BRH:0
end_of_record
TN:
SF:C:\Users\lucio\Documents\Programación\MELI\meli-test-front-end\src\client\App\modules\ItemDetail\ItemDetail.js
FN:13,(anonymous_0)
FN:20,(anonymous_1)
FN:23,(anonymous_2)
FN:34,(anonymous_3)
FNF:4
FNH:4
FNDA:4,(anonymous_0)
FNDA:5,(anonymous_1)
FNDA:1,(anonymous_2)
FNDA:1,(anonymous_3)
DA:13,1
DA:14,4
DA:15,4
DA:17,4
DA:18,4
DA:20,5
DA:21,4
DA:23,4
DA:24,1
DA:25,1
DA:26,1
DA:27,1
DA:29,0
DA:31,1
DA:34,4
DA:35,1
DA:38,4
DA:72,1
LF:18
LH:17
BRDA:21,0,0,4
BRDA:21,0,1,0
BRDA:41,1,0,1
BRDA:41,1,1,3
BRDA:41,2,0,4
BRDA:41,2,1,2
BRF:6
BRH:5
end_of_record
TN:
SF:C:\Users\lucio\Documents\Programación\MELI\meli-test-front-end\src\client\App\modules\ItemDetail\index.js
FNF:0
FNH:0
LF:0
LH:0
BRF:0
BRH:0
end_of_record
TN:
SF:C:\Users\lucio\Documents\Programación\MELI\meli-test-front-end\src\client\App\modules\ItemDetail\services.js
FN:3,(anonymous_0)
FNF:1
FNH:1
FNDA:2,(anonymous_0)
DA:3,1
DA:4,2
DA:6,2
LF:3
LH:3
BRF:0
BRH:0
end_of_record
TN:
SF:C:\Users\lucio\Documents\Programación\MELI\meli-test-front-end\src\client\App\modules\ItemDetail\utils\parseCondition.js
FN:6,(anonymous_0)
FNF:1
FNH:1
FNDA:3,(anonymous_0)
DA:1,2
DA:6,3
LF:2
LH:2
BRF:0
BRH:0
end_of_record
TN:
SF:C:\Users\lucio\Documents\Programación\MELI\meli-test-front-end\src\client\App\modules\Layout\Layout.js
FN:12,(anonymous_0)
FN:17,(anonymous_1)
FN:24,(anonymous_2)
FNF:3
FNH:3
FNDA:3,(anonymous_0)
FNDA:1,(anonymous_1)
FNDA:1,(anonymous_2)
DA:12,1
DA:13,3
DA:14,3
DA:16,3
DA:18,1
DA:19,1
DA:24,3
DA:25,1
DA:28,3
DA:44,1
LF:10
LH:10
BRF:0
BRH:0
end_of_record
TN:
SF:C:\Users\lucio\Documents\Programación\MELI\meli-test-front-end\src\client\App\modules\Layout\actionTypes.js
FNF:0
FNH:0
DA:1,4
DA:2,4
DA:3,4
LF:3
LH:3
BRF:0
BRH:0
end_of_record
TN:
SF:C:\Users\lucio\Documents\Programación\MELI\meli-test-front-end\src\client\App\modules\Layout\actions.js
FN:8,(anonymous_0)
FN:12,(anonymous_1)
FN:17,(anonymous_2)
FN:22,(anonymous_3)
FN:22,(anonymous_4)
FNF:5
FNH:5
FNDA:4,(anonymous_0)
FNDA:2,(anonymous_1)
FNDA:2,(anonymous_2)
FNDA:3,(anonymous_3)
FNDA:3,(anonymous_4)
DA:8,4
DA:12,2
DA:17,2
DA:22,3
DA:23,3
DA:25,3
DA:26,3
DA:27,1
DA:29,1
LF:9
LH:9
BRF:0
BRH:0
end_of_record
TN:
SF:C:\Users\lucio\Documents\Programación\MELI\meli-test-front-end\src\client\App\modules\Layout\index.js
FNF:0
FNH:0
LF:0
LH:0
BRF:0
BRH:0
end_of_record
TN:
SF:C:\Users\lucio\Documents\Programación\MELI\meli-test-front-end\src\client\App\modules\Layout\reducer.js
FN:15,(anonymous_0)
FNF:1
FNH:1
FNDA:12,(anonymous_0)
DA:7,3
DA:15,3
DA:16,12
DA:18,2
DA:28,2
DA:29,2
DA:39,1
DA:40,1
DA:50,7
LF:9
LH:9
BRDA:15,0,0,7
BRDA:16,1,0,2
BRDA:16,1,1,2
BRDA:16,1,2,1
BRDA:16,1,3,7
BRF:5
BRH:5
end_of_record
TN:
SF:C:\Users\lucio\Documents\Programación\MELI\meli-test-front-end\src\client\App\modules\Layout\services.js
FN:3,(anonymous_0)
FNF:1
FNH:1
FNDA:3,(anonymous_0)
DA:3,3
DA:4,3
DA:10,2
LF:3
LH:3
BRF:0
BRH:0
end_of_record
TN:
SF:C:\Users\lucio\Documents\Programación\MELI\meli-test-front-end\src\client\common\index.js
FNF:0
FNH:0
LF:0
LH:0
BRF:0
BRH:0
end_of_record
TN:
SF:C:\Users\lucio\Documents\Programación\MELI\meli-test-front-end\src\client\common\Breadcrumb\Breadcrumb.js
FN:6,(anonymous_0)
FN:9,(anonymous_1)
FNF:2
FNH:2
FNDA:6,(anonymous_0)
FNDA:15,(anonymous_1)
DA:6,3
DA:7,6
DA:10,15
DA:18,3
LF:4
LH:4
BRDA:6,0,0,1
BRF:1
BRH:1
end_of_record
TN:
SF:C:\Users\lucio\Documents\Programación\MELI\meli-test-front-end\src\client\common\Breadcrumb\index.js
FNF:0
FNH:0
LF:0
LH:0
BRF:0
BRH:0
end_of_record
TN:
SF:C:\Users\lucio\Documents\Programación\MELI\meli-test-front-end\src\client\common\CardContainer\CardContainer.js
FN:6,(anonymous_0)
FNF:1
FNH:1
FNDA:2,(anonymous_0)
DA:6,3
DA:7,2
DA:10,3
LF:3
LH:3
BRF:0
BRH:0
end_of_record
TN:
SF:C:\Users\lucio\Documents\Programación\MELI\meli-test-front-end\src\client\common\CardContainer\index.js
FNF:0
FNH:0
LF:0
LH:0
BRF:0
BRH:0
end_of_record
TN:
SF:C:\Users\lucio\Documents\Programación\MELI\meli-test-front-end\src\client\common\GridContainer\GridContainer.js
FN:6,(anonymous_0)
FNF:1
FNH:1
FNDA:5,(anonymous_0)
DA:6,3
DA:7,5
DA:10,3
LF:3
LH:3
BRF:0
BRH:0
end_of_record
TN:
SF:C:\Users\lucio\Documents\Programación\MELI\meli-test-front-end\src\client\common\GridContainer\index.js
FNF:0
FNH:0
LF:0
LH:0
BRF:0
BRH:0
end_of_record
TN:
SF:C:\Users\lucio\Documents\Programación\MELI\meli-test-front-end\src\client\common\Header\Header.js
FN:6,(anonymous_0)
FNF:1
FNH:1
FNDA:4,(anonymous_0)
DA:6,3
DA:7,4
DA:14,3
LF:3
LH:3
BRF:0
BRH:0
end_of_record
TN:
SF:C:\Users\lucio\Documents\Programación\MELI\meli-test-front-end\src\client\common\Header\index.js
FNF:0
FNH:0
LF:0
LH:0
BRF:0
BRH:0
end_of_record
TN:
SF:C:\Users\lucio\Documents\Programación\MELI\meli-test-front-end\src\client\common\SearchBar\SearchBar.js
FN:7,(anonymous_0)
FN:11,(anonymous_1)
FN:18,(anonymous_2)
FNF:3
FNH:3
FNDA:7,(anonymous_0)
FNDA:2,(anonymous_1)
FNDA:2,(anonymous_2)
DA:7,3
DA:8,7
DA:10,7
DA:12,2
DA:13,2
DA:18,7
DA:19,2
DA:20,2
DA:23,7
DA:40,3
LF:10
LH:10
BRF:0
BRH:0
end_of_record
TN:
SF:C:\Users\lucio\Documents\Programación\MELI\meli-test-front-end\src\client\common\SearchBar\index.js
FNF:0
FNH:0
LF:0
LH:0
BRF:0
BRH:0
end_of_record
TN:
SF:C:\Users\lucio\Documents\Programación\MELI\meli-test-front-end\src\client\utils\hooks\index.js
FNF:0
FNH:0
LF:0
LH:0
BRF:0
BRH:0
end_of_record
TN:
SF:C:\Users\lucio\Documents\Programación\MELI\meli-test-front-end\src\client\utils\hooks\useQueryURL.js
FN:3,useQueryURL
FNF:1
FNH:1
FNDA:4,useQueryURL
DA:4,4
LF:1
LH:1
BRF:0
BRH:0
end_of_record
TN:
SF:C:\Users\lucio\Documents\Programación\MELI\meli-test-front-end\src\client\utils\http\http.js
FNF:0
FNH:0
DA:3,4
LF:1
LH:1
BRF:0
BRH:0
end_of_record
TN:
SF:C:\Users\lucio\Documents\Programación\MELI\meli-test-front-end\src\client\utils\http\index.js
FNF:0
FNH:0
LF:0
LH:0
BRF:0
BRH:0
end_of_record
TN:
SF:C:\Users\lucio\Documents\Programación\MELI\meli-test-front-end\src\client\utils\methods\formatMoney.js
FN:1,formatMoney
FNF:1
FNH:1
FNDA:3,formatMoney
DA:2,3
LF:1
LH:1
BRDA:1,0,0,1
BRF:1
BRH:1
end_of_record
TN:
SF:C:\Users\lucio\Documents\Programación\MELI\meli-test-front-end\src\client\utils\tests\renderWithProvider.js
FN:6,(anonymous_0)
FN:8,(anonymous_1)
FN:11,(anonymous_2)
FNF:3
FNH:3
FNDA:4,(anonymous_0)
FNDA:3,(anonymous_1)
FNDA:4,(anonymous_2)
DA:6,2
DA:10,4
DA:11,4
DA:12,4
DA:14,4
LF:5
LH:5
BRDA:8,0,0,3
BRDA:8,1,0,3
BRF:2
BRH:2
end_of_record
